2023-12-06 18:00:28 [main] INFO  base_test.BaseTest - Test verifyAlfaBankLogoIsDisplayed is started
2023-12-06 18:00:28 [main] ERROR base_test.BaseTest - Failed to initialize WebDriver: Cannot convert 'android' to org.openqa.selenium.Platform
2023-12-06 18:02:36 [main] INFO  base_test.BaseTest - Test verifyAlfaBankLogoIsDisplayed is started
2023-12-06 18:06:18 [main] ERROR base_test.BaseTest - Failed to initialize WebDriver: Cannot convert 'android' to org.openqa.selenium.Platform
2023-12-06 18:06:31 [main] INFO  base_test.BaseTest - Test verifyAlfaBankLogoIsDisplayed is started
2023-12-06 18:06:31 [main] ERROR base_test.BaseTest - Failed to initialize WebDriver: Cannot convert 'android' to org.openqa.selenium.Platform
2023-12-06 18:07:12 [main] INFO  base_test.BaseTest - Test verifyAlfaBankLogoIsDisplayed is started
2023-12-06 18:08:25 [main] INFO  base_test.BaseTest - Test verifyAlfaBankLogoIsDisplayed is started
2023-12-06 18:16:32 [main] INFO  base_test.BaseTest - Test verifyAlfaBankLogoIsDisplayed is started
2023-12-06 18:16:50 [main] INFO  base_test.BaseTest - Test automation is started
2023-12-06 18:16:51 [main] INFO  base_test.BaseTest - Tests automation is ended
2023-12-06 18:18:42 [main] INFO  base_test.BaseTest - Test verifyAlfaBankLogoIsDisplayed is started
2023-12-06 18:19:12 [main] ERROR base_test.BaseTest - Failed to initialize WebDriver: Unable to create a new remote session. Please check the server log for more details. Original error: An unknown server-side error occurred while processing the command. Original error: Cannot start the 'com.alfabank.qapp' application. Consider checking the driver's troubleshooting documentation. Original error: 'com.alfabank.qapp.presentation.MainActivity' or 'com.alfabank.qapp.com.alfabank.qapp.presentation.MainActivity' never started. Consider checking the driver's troubleshooting documentation.
Build info: version: '3.141.59', revision: 'e82be7d358', time: '2018-11-14T08:17:03'
System info: host: 'Air-office.netis.cc', ip: 'fe80:0:0:0:416:f2f8:1492:78f0%en0', os.name: 'Mac OS X', os.arch: 'x86_64', os.version: '12.7.1', java.version: '17.0.9'
Driver info: driver.version: AppiumDriver
remote stacktrace: UnknownError: An unknown server-side error occurred while processing the command. Original error: Cannot start the 'com.alfabank.qapp' application. Consider checking the driver's troubleshooting documentation. Original error: 'com.alfabank.qapp.presentation.MainActivity' or 'com.alfabank.qapp.com.alfabank.qapp.presentation.MainActivity' never started. Consider checking the driver's troubleshooting documentation.
    at getResponseForW3CError (/usr/local/lib/node_modules/appium/node_modules/@appium/base-driver/lib/protocol/errors.js:1097:9)
    at asyncHandler (/usr/local/lib/node_modules/appium/node_modules/@appium/base-driver/lib/protocol/protocol.js:491:57)
Build info: version: '3.141.59', revision: 'e82be7d358', time: '2018-11-14T08:17:03'
System info: host: 'Air-office.netis.cc', ip: 'fe80:0:0:0:416:f2f8:1492:78f0%en0', os.name: 'Mac OS X', os.arch: 'x86_64', os.version: '12.7.1', java.version: '17.0.9'
Driver info: driver.version: AppiumDriver
2023-12-06 18:20:02 [main] INFO  base_test.BaseTest - Test verifyAlfaBankLogoIsDisplayed is started
2023-12-06 18:22:53 [main] INFO  base_test.BaseTest - Test verifyAlfaBankLogoIsDisplayed is started
2023-12-06 18:23:07 [main] INFO  base_test.BaseTest - Test automation is started
2023-12-06 18:23:08 [main] INFO  base_test.BaseTest - Tests automation is ended
2023-12-06 18:23:09 [main] ERROR base_test.BaseTest - Test verifyAlfaBankLogoIsDisplayed is failed
2023-12-06 18:24:03 [main] INFO  base_test.BaseTest - Test verifyAlfaBankLogoIsDisplayed is started
2023-12-06 18:24:32 [main] INFO  base_test.BaseTest - Test verifyAlfaBankLogoIsDisplayed is started
2023-12-06 18:31:05 [main] INFO  base_test.BaseTest - Test verifyAlfaBankLogoIsDisplayed is started
2023-12-06 18:31:17 [main] INFO  base_test.BaseTest - Test automation is started
2023-12-06 18:31:18 [main] INFO  base_test.BaseTest - Tests automation is ended
2023-12-06 18:31:18 [main] ERROR base_test.BaseTest - Test verifyAlfaBankLogoIsDisplayed is failed
2023-12-06 18:32:13 [main] INFO  base_test.BaseTest - Test verifyAlfaBankLogoIsDisplayed is started
2023-12-06 18:35:41 [main] INFO  base_test.BaseTest - Test verifyAlfaBankLogoIsDisplayed is started
2023-12-06 18:36:19 [main] INFO  base_test.BaseTest - Test verifyAlfaBankLogoIsDisplayed is started
2023-12-06 18:36:38 [main] INFO  base_test.BaseTest - Test automation is started
2023-12-06 18:47:08 [main] INFO  base_test.BaseTest - Tests automation is ended
2023-12-06 18:47:09 [main] ERROR base_test.BaseTest - Test verifyAlfaBankLogoIsDisplayed is failed
2023-12-06 18:56:08 [main] INFO  base_test.BaseTest - Tests automation is ended
2023-12-06 18:56:10 [main] ERROR base_test.BaseTest - Test verifyAlfaBankLogoIsDisplayed is failed
2023-12-06 18:56:48 [main] INFO  base_test.BaseTest - Tests automation is ended
2023-12-06 18:56:50 [main] ERROR base_test.BaseTest - Test verifyAlfaBankLogoIsDisplayed is failed
2023-12-06 19:05:59 [main] INFO  base_test.BaseTest - Tests automation is ended
2023-12-06 19:06:00 [main] ERROR base_test.BaseTest - Test verifyAlfaBankLogoIsDisplayed is failed
2023-12-06 19:13:53 [main] INFO  base_test.BaseTest - Tests automation is ended
2023-12-06 19:13:54 [main] ERROR base_test.BaseTest - Test verifyAlfaBankLogoIsDisplayed is failed
2023-12-06 19:16:08 [main] INFO  base_test.BaseTest - Tests automation is ended
2023-12-06 19:16:09 [main] ERROR base_test.BaseTest - Test verifyAlfaBankLogoIsDisplayed is failed
2023-12-06 19:18:46 [main] INFO  base_test.BaseTest - Test verifyAlfaBankLogoIsDisplayed is started
2023-12-06 19:18:46 [main] INFO  base_test.BaseTest - Test automation is started
2023-12-06 19:18:46 [main] INFO  base_test.BaseTest - Tests automation is ended
2023-12-06 19:18:47 [main] ERROR base_test.BaseTest - Test verifyAlfaBankLogoIsDisplayed is failed
2023-12-06 19:24:24 [main] INFO  base_test.BaseTest - Test verifyAlfaBankLogoIsDisplayed is started
2023-12-06 19:24:24 [main] INFO  base_test.BaseTest - Test automation is started
2023-12-06 19:24:37 [main] INFO  base_test.BaseTest - Tests automation is ended
2023-12-06 19:24:38 [main] ERROR base_test.BaseTest - Test verifyAlfaBankLogoIsDisplayed is failed
2023-12-06 19:35:39 [main] INFO  base_test.BaseTest - Test verifyAlfaBankLogoIsDisplayed is started
2023-12-06 19:35:51 [main] INFO  base_test.BaseTest - Test automation is started
2023-12-06 19:36:05 [main] INFO  base_test.BaseTest - Tests automation is ended
2023-12-06 19:36:07 [main] ERROR base_test.BaseTest - Test verifyAlfaBankLogoIsDisplayed is failed
2023-12-06 19:36:49 [main] INFO  base_test.BaseTest - Test verifyAlfaBankLogoIsDisplayed is started
2023-12-06 19:37:36 [main] INFO  base_test.BaseTest - Test verifyAlfaBankLogoIsDisplayed is started
2023-12-06 19:38:29 [main] INFO  base_test.BaseTest - Test verifyAlfaBankLogoIsDisplayed is started
2023-12-06 19:38:42 [main] INFO  base_test.BaseTest - Test automation is started
2023-12-06 19:38:42 [main] INFO  base_test.BaseTest - Tests automation is ended
2023-12-06 19:38:43 [main] ERROR base_test.BaseTest - Test verifyAlfaBankLogoIsDisplayed is failed
2023-12-06 19:40:51 [main] INFO  base_test.BaseTest - Test verifyAlfaBankLogoIsDisplayed is started
2023-12-06 19:41:54 [main] INFO  base_test.BaseTest - Test automation is started
2023-12-06 19:53:17 [main] INFO  base_test.BaseTest - WebDriver is initialized successfully.
2023-12-06 19:53:17 [main] INFO  base_test.BaseTest - Test verifyAlfaBankLogoIsDisplayed is started
2023-12-06 19:53:18 [main] ERROR base_test.BaseTest - Test verifyAlfaBankLogoIsDisplayed is failed
2023-12-06 19:53:18 [main] INFO  base_test.BaseTest - Tests automation is ended
2023-12-06 19:54:45 [main] INFO  base_test.BaseTest - WebDriver is initialized successfully.
2023-12-06 19:54:45 [main] INFO  base_test.BaseTest - Test verifyAlfaBankLogoIsDisplayed is started
2023-12-06 19:54:46 [main] ERROR base_test.BaseTest - Test verifyAlfaBankLogoIsDisplayed is failed
2023-12-06 19:54:46 [main] INFO  base_test.BaseTest - Tests automation is ended
2023-12-06 20:01:14 [main] INFO  base_test.BaseTest - WebDriver is initialized successfully.
2023-12-06 20:01:14 [main] INFO  base_test.BaseTest - Test verifyAlfaBankLogoIsDisplayed is started
2023-12-06 20:01:15 [main] ERROR base_test.BaseTest - Test verifyAlfaBankLogoIsDisplayed is failed
2023-12-06 20:01:15 [main] INFO  base_test.BaseTest - Tests automation is ended
2023-12-06 20:03:44 [main] INFO  base_test.BaseTest - WebDriver is initialized successfully.
2023-12-06 20:03:44 [main] INFO  base_test.BaseTest - Test verifyAlfaBankLogoIsDisplayed is started
2023-12-06 20:03:44 [main] ERROR base_test.BaseTest - Test verifyAlfaBankLogoIsDisplayed is failed
2023-12-06 20:03:44 [main] INFO  base_test.BaseTest - Tests automation is ended
2023-12-06 20:05:09 [main] INFO  base_test.BaseTest - WebDriver is initialized successfully.
2023-12-06 20:05:09 [main] INFO  base_test.BaseTest - Test verifyAlfaBankLogoIsDisplayed is started
2023-12-06 20:05:09 [main] ERROR base_test.BaseTest - Test verifyAlfaBankLogoIsDisplayed is failed
2023-12-06 20:05:09 [main] INFO  base_test.BaseTest - Tests automation is ended
2023-12-06 20:13:01 [main] INFO  base_test.BaseTest - WebDriver is initialized successfully.
2023-12-06 20:13:02 [main] INFO  base_test.BaseTest - Tests automation is ended
2023-12-06 20:14:03 [main] INFO  base_test.BaseTest - WebDriver is initialized successfully.
2023-12-06 20:14:03 [main] INFO  base_test.BaseTest - Tests automation is ended
2023-12-06 20:23:08 [main] INFO  base_test.BaseTest - WebDriver is initialized successfully.
2023-12-06 20:23:09 [main] INFO  base_test.BaseTest - Tests automation is ended
2023-12-06 20:25:37 [main] INFO  base_test.BaseTest - WebDriver is initialized successfully.
2023-12-06 20:25:38 [main] INFO  base_test.BaseTest - Tests automation is ended
2023-12-06 20:36:48 [main] INFO  base_test.BaseTest - WebDriver is initialized successfully.
2023-12-06 20:37:02 [main] INFO  base_test.BaseTest - Tests automation is ended
2023-12-06 20:38:18 [main] INFO  base_test.BaseTest - WebDriver is initialized successfully.
2023-12-06 20:38:33 [main] INFO  base_test.BaseTest - Tests automation is ended
2023-12-06 20:45:19 [main] INFO  base_test.BaseTest - WebDriver is initialized successfully.
2023-12-06 20:45:32 [main] INFO  base_test.BaseTest - Tests automation is ended
2023-12-06 20:47:20 [main] INFO  base_test.BaseTest - WebDriver is initialized successfully.
2023-12-06 20:47:38 [main] INFO  base_test.BaseTest - Tests automation is ended
2023-12-06 20:48:23 [main] INFO  base_test.BaseTest - WebDriver is initialized successfully.
2023-12-06 20:48:57 [main] INFO  base_test.BaseTest - WebDriver is initialized successfully.
2023-12-06 20:52:58 [main] INFO  base_test.BaseTest - WebDriver is initialized successfully.
2023-12-06 21:07:49 [main] INFO  base_test.BaseTest - WebDriver is initialized successfully.
2023-12-06 21:08:15 [main] INFO  base_test.BaseTest - Tests automation is ended
2023-12-06 21:10:01 [main] INFO  base_test.BaseTest - WebDriver is initialized successfully.
2023-12-06 21:10:25 [main] INFO  base_test.BaseTest - Tests automation is ended
2023-12-06 21:10:43 [main] INFO  base_test.BaseTest - WebDriver is initialized successfully.
2023-12-06 21:11:08 [main] INFO  base_test.BaseTest - Tests automation is ended
2023-12-06 21:11:47 [main] INFO  base_test.BaseTest - WebDriver is initialized successfully.
2023-12-06 21:12:00 [main] INFO  base_test.BaseTest - Tests automation is ended
2023-12-06 21:14:46 [main] INFO  base_test.BaseTest - WebDriver is initialized successfully.
2023-12-06 21:15:01 [main] ERROR base_test.BaseTest - Failed to initialize WebDriver
java.lang.IllegalArgumentException: Can not set final com.codeborne.selenide.SelenideElement field com.alfa_bank.testframework.pages.AuthorisationWindow.TITLE_ALFA_BANK_LABEL to jdk.proxy2.$Proxy17
	at java.base/jdk.internal.reflect.UnsafeFieldAccessorImpl.throwSetIllegalArgumentException(UnsafeFieldAccessorImpl.java:167)
	at java.base/jdk.internal.reflect.UnsafeFieldAccessorImpl.throwSetIllegalArgumentException(UnsafeFieldAccessorImpl.java:171)
	at java.base/jdk.internal.reflect.UnsafeQualifiedObjectFieldAccessorImpl.set(UnsafeQualifiedObjectFieldAccessorImpl.java:83)
	at java.base/java.lang.reflect.Field.set(Field.java:799)
	at org.openqa.selenium.support.PageFactory.proxyFields(PageFactory.java:117)
	at org.openqa.selenium.support.PageFactory.initElements(PageFactory.java:105)
	at org.openqa.selenium.support.PageFactory.initElements(PageFactory.java:92)
	at org.openqa.selenium.support.PageFactory.initElements(PageFactory.java:79)
	at com.alfa_bank.testframework.pages.AuthorisationWindow.<init>(AuthorisationWindow.java:40)
	at com.alfa_bank.testframework.pages.AuthorisationWindow.create(AuthorisationWindow.java:44)
	at base_test.BaseTest.beforeClass(base_test.BaseTest.java:26)
	at java.base/jdk.internal.reflect.NativeMethodAccessorImpl.invoke0(Native Method)
	at java.base/jdk.internal.reflect.NativeMethodAccessorImpl.invoke(NativeMethodAccessorImpl.java:77)
	at java.base/jdk.internal.reflect.DelegatingMethodAccessorImpl.invoke(DelegatingMethodAccessorImpl.java:43)
	at java.base/java.lang.reflect.Method.invoke(Method.java:568)
	at org.testng.internal.invokers.MethodInvocationHelper.invokeMethod(MethodInvocationHelper.java:139)
	at org.testng.internal.invokers.MethodInvocationHelper.invokeMethodConsideringTimeout(MethodInvocationHelper.java:69)
	at org.testng.internal.invokers.ConfigInvoker.invokeConfigurationMethod(ConfigInvoker.java:361)
	at org.testng.internal.invokers.ConfigInvoker.invokeConfigurations(ConfigInvoker.java:296)
	at org.testng.internal.invokers.TestInvoker.runConfigMethods(TestInvoker.java:816)
	at org.testng.internal.invokers.TestInvoker.invokeMethod(TestInvoker.java:590)
	at org.testng.internal.invokers.TestInvoker.invokeTestMethod(TestInvoker.java:221)
	at org.testng.internal.invokers.MethodRunner.runInSequence(MethodRunner.java:50)
	at org.testng.internal.invokers.TestInvoker$MethodInvocationAgent.invoke(TestInvoker.java:962)
	at org.testng.internal.invokers.TestInvoker.invokeTestMethods(TestInvoker.java:194)
	at org.testng.internal.invokers.TestMethodWorker.invokeTestMethods(TestMethodWorker.java:148)
	at org.testng.internal.invokers.TestMethodWorker.run(TestMethodWorker.java:128)
	at java.base/java.util.ArrayList.forEach(ArrayList.java:1511)
	at org.testng.TestRunner.privateRun(TestRunner.java:806)
	at org.testng.TestRunner.run(TestRunner.java:601)
	at org.testng.SuiteRunner.runTest(SuiteRunner.java:433)
	at org.testng.SuiteRunner.runSequentially(SuiteRunner.java:427)
	at org.testng.SuiteRunner.privateRun(SuiteRunner.java:387)
	at org.testng.SuiteRunner.run(SuiteRunner.java:330)
	at org.testng.SuiteRunnerWorker.runSuite(SuiteRunnerWorker.java:52)
	at org.testng.SuiteRunnerWorker.run(SuiteRunnerWorker.java:95)
	at org.testng.TestNG.runSuitesSequentially(TestNG.java:1256)
	at org.testng.TestNG.runSuitesLocally(TestNG.java:1176)
	at org.testng.TestNG.runSuites(TestNG.java:1099)
	at org.testng.TestNG.run(TestNG.java:1067)
	at com.intellij.rt.testng.IDEARemoteTestNG.run(IDEARemoteTestNG.java:66)
	at com.intellij.rt.testng.RemoteTestNGStarter.main(RemoteTestNGStarter.java:105)
2023-12-06 21:15:41 [main] INFO  base_test.BaseTest - WebDriver is initialized successfully.
2023-12-06 21:15:56 [main] ERROR base_test.BaseTest - Failed to initialize WebDriver
java.lang.IllegalArgumentException: Can not set final com.codeborne.selenide.SelenideElement field com.alfa_bank.testframework.pages.AuthorisationWindow.TITLE_ALFA_BANK_LABEL to jdk.proxy2.$Proxy17
	at java.base/jdk.internal.reflect.UnsafeFieldAccessorImpl.throwSetIllegalArgumentException(UnsafeFieldAccessorImpl.java:167)
	at java.base/jdk.internal.reflect.UnsafeFieldAccessorImpl.throwSetIllegalArgumentException(UnsafeFieldAccessorImpl.java:171)
	at java.base/jdk.internal.reflect.UnsafeQualifiedObjectFieldAccessorImpl.set(UnsafeQualifiedObjectFieldAccessorImpl.java:83)
	at java.base/java.lang.reflect.Field.set(Field.java:799)
	at org.openqa.selenium.support.PageFactory.proxyFields(PageFactory.java:117)
	at org.openqa.selenium.support.PageFactory.initElements(PageFactory.java:105)
	at org.openqa.selenium.support.PageFactory.initElements(PageFactory.java:92)
	at org.openqa.selenium.support.PageFactory.initElements(PageFactory.java:79)
	at com.alfa_bank.testframework.pages.AuthorisationWindow.<init>(AuthorisationWindow.java:40)
	at com.alfa_bank.testframework.pages.AuthorisationWindow.create(AuthorisationWindow.java:44)
	at base_test.BaseTest.beforeClass(base_test.BaseTest.java:25)
	at java.base/jdk.internal.reflect.NativeMethodAccessorImpl.invoke0(Native Method)
	at java.base/jdk.internal.reflect.NativeMethodAccessorImpl.invoke(NativeMethodAccessorImpl.java:77)
	at java.base/jdk.internal.reflect.DelegatingMethodAccessorImpl.invoke(DelegatingMethodAccessorImpl.java:43)
	at java.base/java.lang.reflect.Method.invoke(Method.java:568)
	at org.testng.internal.invokers.MethodInvocationHelper.invokeMethod(MethodInvocationHelper.java:139)
	at org.testng.internal.invokers.MethodInvocationHelper.invokeMethodConsideringTimeout(MethodInvocationHelper.java:69)
	at org.testng.internal.invokers.ConfigInvoker.invokeConfigurationMethod(ConfigInvoker.java:361)
	at org.testng.internal.invokers.ConfigInvoker.invokeConfigurations(ConfigInvoker.java:296)
	at org.testng.internal.invokers.TestInvoker.runConfigMethods(TestInvoker.java:816)
	at org.testng.internal.invokers.TestInvoker.invokeMethod(TestInvoker.java:590)
	at org.testng.internal.invokers.TestInvoker.invokeTestMethod(TestInvoker.java:221)
	at org.testng.internal.invokers.MethodRunner.runInSequence(MethodRunner.java:50)
	at org.testng.internal.invokers.TestInvoker$MethodInvocationAgent.invoke(TestInvoker.java:962)
	at org.testng.internal.invokers.TestInvoker.invokeTestMethods(TestInvoker.java:194)
	at org.testng.internal.invokers.TestMethodWorker.invokeTestMethods(TestMethodWorker.java:148)
	at org.testng.internal.invokers.TestMethodWorker.run(TestMethodWorker.java:128)
	at java.base/java.util.ArrayList.forEach(ArrayList.java:1511)
	at org.testng.TestRunner.privateRun(TestRunner.java:806)
	at org.testng.TestRunner.run(TestRunner.java:601)
	at org.testng.SuiteRunner.runTest(SuiteRunner.java:433)
	at org.testng.SuiteRunner.runSequentially(SuiteRunner.java:427)
	at org.testng.SuiteRunner.privateRun(SuiteRunner.java:387)
	at org.testng.SuiteRunner.run(SuiteRunner.java:330)
	at org.testng.SuiteRunnerWorker.runSuite(SuiteRunnerWorker.java:52)
	at org.testng.SuiteRunnerWorker.run(SuiteRunnerWorker.java:95)
	at org.testng.TestNG.runSuitesSequentially(TestNG.java:1256)
	at org.testng.TestNG.runSuitesLocally(TestNG.java:1176)
	at org.testng.TestNG.runSuites(TestNG.java:1099)
	at org.testng.TestNG.run(TestNG.java:1067)
	at com.intellij.rt.testng.IDEARemoteTestNG.run(IDEARemoteTestNG.java:66)
	at com.intellij.rt.testng.RemoteTestNGStarter.main(RemoteTestNGStarter.java:105)
2023-12-06 21:17:01 [main] INFO  base_test.BaseTest - WebDriver is initialized successfully.
2023-12-06 21:17:13 [main] ERROR base_test.BaseTest - Failed to initialize WebDriver
java.lang.IllegalArgumentException: Can not set final com.codeborne.selenide.SelenideElement field com.alfa_bank.testframework.pages.AuthorisationWindow.TITLE_ALFA_BANK_LABEL to jdk.proxy2.$Proxy17
	at java.base/jdk.internal.reflect.UnsafeFieldAccessorImpl.throwSetIllegalArgumentException(UnsafeFieldAccessorImpl.java:167)
	at java.base/jdk.internal.reflect.UnsafeFieldAccessorImpl.throwSetIllegalArgumentException(UnsafeFieldAccessorImpl.java:171)
	at java.base/jdk.internal.reflect.UnsafeQualifiedObjectFieldAccessorImpl.set(UnsafeQualifiedObjectFieldAccessorImpl.java:83)
	at java.base/java.lang.reflect.Field.set(Field.java:799)
	at org.openqa.selenium.support.PageFactory.proxyFields(PageFactory.java:117)
	at org.openqa.selenium.support.PageFactory.initElements(PageFactory.java:105)
	at org.openqa.selenium.support.PageFactory.initElements(PageFactory.java:92)
	at org.openqa.selenium.support.PageFactory.initElements(PageFactory.java:79)
	at com.alfa_bank.testframework.pages.AuthorisationWindow.<init>(AuthorisationWindow.java:40)
	at com.alfa_bank.testframework.pages.AuthorisationWindow.create(AuthorisationWindow.java:44)
	at base_test.BaseTest.beforeClass(base_test.BaseTest.java:25)
	at java.base/jdk.internal.reflect.NativeMethodAccessorImpl.invoke0(Native Method)
	at java.base/jdk.internal.reflect.NativeMethodAccessorImpl.invoke(NativeMethodAccessorImpl.java:77)
	at java.base/jdk.internal.reflect.DelegatingMethodAccessorImpl.invoke(DelegatingMethodAccessorImpl.java:43)
	at java.base/java.lang.reflect.Method.invoke(Method.java:568)
	at org.testng.internal.invokers.MethodInvocationHelper.invokeMethod(MethodInvocationHelper.java:139)
	at org.testng.internal.invokers.MethodInvocationHelper.invokeMethodConsideringTimeout(MethodInvocationHelper.java:69)
	at org.testng.internal.invokers.ConfigInvoker.invokeConfigurationMethod(ConfigInvoker.java:361)
	at org.testng.internal.invokers.ConfigInvoker.invokeConfigurations(ConfigInvoker.java:296)
	at org.testng.internal.invokers.TestInvoker.runConfigMethods(TestInvoker.java:816)
	at org.testng.internal.invokers.TestInvoker.invokeMethod(TestInvoker.java:590)
	at org.testng.internal.invokers.TestInvoker.invokeTestMethod(TestInvoker.java:221)
	at org.testng.internal.invokers.MethodRunner.runInSequence(MethodRunner.java:50)
	at org.testng.internal.invokers.TestInvoker$MethodInvocationAgent.invoke(TestInvoker.java:962)
	at org.testng.internal.invokers.TestInvoker.invokeTestMethods(TestInvoker.java:194)
	at org.testng.internal.invokers.TestMethodWorker.invokeTestMethods(TestMethodWorker.java:148)
	at org.testng.internal.invokers.TestMethodWorker.run(TestMethodWorker.java:128)
	at java.base/java.util.ArrayList.forEach(ArrayList.java:1511)
	at org.testng.TestRunner.privateRun(TestRunner.java:806)
	at org.testng.TestRunner.run(TestRunner.java:601)
	at org.testng.SuiteRunner.runTest(SuiteRunner.java:433)
	at org.testng.SuiteRunner.runSequentially(SuiteRunner.java:427)
	at org.testng.SuiteRunner.privateRun(SuiteRunner.java:387)
	at org.testng.SuiteRunner.run(SuiteRunner.java:330)
	at org.testng.SuiteRunnerWorker.runSuite(SuiteRunnerWorker.java:52)
	at org.testng.SuiteRunnerWorker.run(SuiteRunnerWorker.java:95)
	at org.testng.TestNG.runSuitesSequentially(TestNG.java:1256)
	at org.testng.TestNG.runSuitesLocally(TestNG.java:1176)
	at org.testng.TestNG.runSuites(TestNG.java:1099)
	at org.testng.TestNG.run(TestNG.java:1067)
	at com.intellij.rt.testng.IDEARemoteTestNG.run(IDEARemoteTestNG.java:66)
	at com.intellij.rt.testng.RemoteTestNGStarter.main(RemoteTestNGStarter.java:105)
2023-12-06 21:19:02 [main] INFO  base_test.BaseTest - WebDriver is initialized successfully.
2023-12-06 21:19:15 [main] ERROR base_test.BaseTest - Failed to initialize WebDriver
java.lang.IllegalArgumentException: Can not set final com.codeborne.selenide.SelenideElement field com.alfa_bank.testframework.pages.AuthorisationWindow.TITLE_ALFA_BANK_LABEL to jdk.proxy2.$Proxy17
	at java.base/jdk.internal.reflect.UnsafeFieldAccessorImpl.throwSetIllegalArgumentException(UnsafeFieldAccessorImpl.java:167)
	at java.base/jdk.internal.reflect.UnsafeFieldAccessorImpl.throwSetIllegalArgumentException(UnsafeFieldAccessorImpl.java:171)
	at java.base/jdk.internal.reflect.UnsafeQualifiedObjectFieldAccessorImpl.set(UnsafeQualifiedObjectFieldAccessorImpl.java:83)
	at java.base/java.lang.reflect.Field.set(Field.java:799)
	at org.openqa.selenium.support.PageFactory.proxyFields(PageFactory.java:117)
	at org.openqa.selenium.support.PageFactory.initElements(PageFactory.java:105)
	at org.openqa.selenium.support.PageFactory.initElements(PageFactory.java:92)
	at org.openqa.selenium.support.PageFactory.initElements(PageFactory.java:79)
	at com.alfa_bank.testframework.pages.AuthorisationWindow.<init>(AuthorisationWindow.java:40)
	at com.alfa_bank.testframework.pages.AuthorisationWindow.create(AuthorisationWindow.java:44)
	at base_test.BaseTest.beforeClass(base_test.BaseTest.java:25)
	at java.base/jdk.internal.reflect.NativeMethodAccessorImpl.invoke0(Native Method)
	at java.base/jdk.internal.reflect.NativeMethodAccessorImpl.invoke(NativeMethodAccessorImpl.java:77)
	at java.base/jdk.internal.reflect.DelegatingMethodAccessorImpl.invoke(DelegatingMethodAccessorImpl.java:43)
	at java.base/java.lang.reflect.Method.invoke(Method.java:568)
	at org.testng.internal.invokers.MethodInvocationHelper.invokeMethod(MethodInvocationHelper.java:139)
	at org.testng.internal.invokers.MethodInvocationHelper.invokeMethodConsideringTimeout(MethodInvocationHelper.java:69)
	at org.testng.internal.invokers.ConfigInvoker.invokeConfigurationMethod(ConfigInvoker.java:361)
	at org.testng.internal.invokers.ConfigInvoker.invokeConfigurations(ConfigInvoker.java:296)
	at org.testng.internal.invokers.TestInvoker.runConfigMethods(TestInvoker.java:816)
	at org.testng.internal.invokers.TestInvoker.invokeMethod(TestInvoker.java:590)
	at org.testng.internal.invokers.TestInvoker.invokeTestMethod(TestInvoker.java:221)
	at org.testng.internal.invokers.MethodRunner.runInSequence(MethodRunner.java:50)
	at org.testng.internal.invokers.TestInvoker$MethodInvocationAgent.invoke(TestInvoker.java:962)
	at org.testng.internal.invokers.TestInvoker.invokeTestMethods(TestInvoker.java:194)
	at org.testng.internal.invokers.TestMethodWorker.invokeTestMethods(TestMethodWorker.java:148)
	at org.testng.internal.invokers.TestMethodWorker.run(TestMethodWorker.java:128)
	at java.base/java.util.ArrayList.forEach(ArrayList.java:1511)
	at org.testng.TestRunner.privateRun(TestRunner.java:806)
	at org.testng.TestRunner.run(TestRunner.java:601)
	at org.testng.SuiteRunner.runTest(SuiteRunner.java:433)
	at org.testng.SuiteRunner.runSequentially(SuiteRunner.java:427)
	at org.testng.SuiteRunner.privateRun(SuiteRunner.java:387)
	at org.testng.SuiteRunner.run(SuiteRunner.java:330)
	at org.testng.SuiteRunnerWorker.runSuite(SuiteRunnerWorker.java:52)
	at org.testng.SuiteRunnerWorker.run(SuiteRunnerWorker.java:95)
	at org.testng.TestNG.runSuitesSequentially(TestNG.java:1256)
	at org.testng.TestNG.runSuitesLocally(TestNG.java:1176)
	at org.testng.TestNG.runSuites(TestNG.java:1099)
	at org.testng.TestNG.run(TestNG.java:1067)
	at com.intellij.rt.testng.IDEARemoteTestNG.run(IDEARemoteTestNG.java:66)
	at com.intellij.rt.testng.RemoteTestNGStarter.main(RemoteTestNGStarter.java:105)
2023-12-06 21:24:41 [main] INFO  base_test.BaseTest - WebDriver is initialized successfully.
2023-12-06 21:24:54 [main] INFO  base_test.BaseTest - Tests automation is ended
2023-12-06 21:25:37 [main] INFO  base_test.BaseTest - WebDriver is initialized successfully.
2023-12-06 21:25:50 [main] INFO  base_test.BaseTest - Tests automation is ended
2023-12-06 21:31:26 [main] INFO  base_test.BaseTest - WebDriver is initialized successfully.
2023-12-06 21:40:00 [main] INFO  base_test.BaseTest - WebDriver is initialized successfully.
2023-12-06 21:40:02 [main] ERROR base_test.BaseTest - Failed to initialize WebDriver
org.openqa.selenium.WebDriverException: Connection refused
Build info: version: '3.141.59', revision: 'e82be7d358', time: '2018-11-14T08:17:03'
System info: host: 'Air-office.netis.cc', ip: 'fe80:0:0:0:416:f2f8:1492:78f0%en0', os.name: 'Mac OS X', os.arch: 'x86_64', os.version: '12.7.1', java.version: '17.0.9'
Driver info: driver.version: AppiumDriver
	at io.appium.java_client.remote.AppiumCommandExecutor.lambda$6(AppiumCommandExecutor.java:262)
	at java.base/java.util.Optional.orElseGet(Optional.java:364)
	at io.appium.java_client.remote.AppiumCommandExecutor.execute(AppiumCommandExecutor.java:261)
	at org.openqa.selenium.remote.RemoteWebDriver.execute(RemoteWebDriver.java:552)
	at io.appium.java_client.DefaultGenericMobileDriver.execute(DefaultGenericMobileDriver.java:41)
	at io.appium.java_client.AppiumDriver.execute(AppiumDriver.java:1)
	at org.openqa.selenium.remote.RemoteWebDriver.startSession(RemoteWebDriver.java:213)
	at io.appium.java_client.AppiumDriver.startSession(AppiumDriver.java:363)
	at org.openqa.selenium.remote.RemoteWebDriver.<init>(RemoteWebDriver.java:131)
	at io.appium.java_client.DefaultGenericMobileDriver.<init>(DefaultGenericMobileDriver.java:37)
	at io.appium.java_client.AppiumDriver.<init>(AppiumDriver.java:89)
	at io.appium.java_client.AppiumDriver.<init>(AppiumDriver.java:99)
	at com.alfa_bank.testframework.driver.WebDriverRun.getAndroidDriver(WebDriverRun.java:45)
	at com.alfa_bank.testframework.driver.WebDriverRun.initializeDriver(WebDriverRun.java:31)
	at com.alfa_bank.testframework.driver.WebDriverRun.getInstanceDriver(WebDriverRun.java:24)
	at base_test.BaseTest.beforeClass(base_test.BaseTest.java:23)
	at java.base/jdk.internal.reflect.NativeMethodAccessorImpl.invoke0(Native Method)
	at java.base/jdk.internal.reflect.NativeMethodAccessorImpl.invoke(NativeMethodAccessorImpl.java:77)
	at java.base/jdk.internal.reflect.DelegatingMethodAccessorImpl.invoke(DelegatingMethodAccessorImpl.java:43)
	at java.base/java.lang.reflect.Method.invoke(Method.java:568)
	at org.testng.internal.invokers.MethodInvocationHelper.invokeMethod(MethodInvocationHelper.java:139)
	at org.testng.internal.invokers.MethodInvocationHelper.invokeMethodConsideringTimeout(MethodInvocationHelper.java:69)
	at org.testng.internal.invokers.ConfigInvoker.invokeConfigurationMethod(ConfigInvoker.java:361)
	at org.testng.internal.invokers.ConfigInvoker.invokeConfigurations(ConfigInvoker.java:296)
	at org.testng.SuiteRunner.privateRun(SuiteRunner.java:372)
	at org.testng.SuiteRunner.run(SuiteRunner.java:330)
	at org.testng.SuiteRunnerWorker.runSuite(SuiteRunnerWorker.java:52)
	at org.testng.SuiteRunnerWorker.run(SuiteRunnerWorker.java:95)
	at org.testng.TestNG.runSuitesSequentially(TestNG.java:1256)
	at org.testng.TestNG.runSuitesLocally(TestNG.java:1176)
	at org.testng.TestNG.runSuites(TestNG.java:1099)
	at org.testng.TestNG.run(TestNG.java:1067)
	at com.intellij.rt.testng.IDEARemoteTestNG.run(IDEARemoteTestNG.java:66)
	at com.intellij.rt.testng.RemoteTestNGStarter.main(RemoteTestNGStarter.java:105)
Caused by: java.net.ConnectException: Connection refused
	at java.base/sun.nio.ch.Net.pollConnect(Native Method)
	at java.base/sun.nio.ch.Net.pollConnectNow(Net.java:672)
	at java.base/sun.nio.ch.NioSocketImpl.timedFinishConnect(NioSocketImpl.java:547)
	at java.base/sun.nio.ch.NioSocketImpl.connect(NioSocketImpl.java:602)
	at java.base/java.net.SocksSocketImpl.connect(SocksSocketImpl.java:327)
	at java.base/java.net.Socket.connect(Socket.java:633)
	at okhttp3.internal.platform.Platform.connectSocket(Platform.java:129)
	at okhttp3.internal.connection.RealConnection.connectSocket(RealConnection.java:245)
	at okhttp3.internal.connection.RealConnection.connect(RealConnection.java:165)
	at okhttp3.internal.connection.StreamAllocation.findConnection(StreamAllocation.java:257)
	at okhttp3.internal.connection.StreamAllocation.findHealthyConnection(StreamAllocation.java:135)
	at okhttp3.internal.connection.StreamAllocation.newStream(StreamAllocation.java:114)
	at okhttp3.internal.connection.ConnectInterceptor.intercept(ConnectInterceptor.java:42)
	at okhttp3.internal.http.RealInterceptorChain.proceed(RealInterceptorChain.java:147)
	at okhttp3.internal.http.RealInterceptorChain.proceed(RealInterceptorChain.java:121)
	at okhttp3.internal.cache.CacheInterceptor.intercept(CacheInterceptor.java:93)
	at okhttp3.internal.http.RealInterceptorChain.proceed(RealInterceptorChain.java:147)
	at okhttp3.internal.http.RealInterceptorChain.proceed(RealInterceptorChain.java:121)
	at okhttp3.internal.http.BridgeInterceptor.intercept(BridgeInterceptor.java:93)
	at okhttp3.internal.http.RealInterceptorChain.proceed(RealInterceptorChain.java:147)
	at okhttp3.internal.http.RetryAndFollowUpInterceptor.intercept(RetryAndFollowUpInterceptor.java:126)
	at okhttp3.internal.http.RealInterceptorChain.proceed(RealInterceptorChain.java:147)
	at okhttp3.internal.http.RealInterceptorChain.proceed(RealInterceptorChain.java:121)
	at okhttp3.RealCall.getResponseWithInterceptorChain(RealCall.java:200)
	at okhttp3.RealCall.execute(RealCall.java:77)
	at org.openqa.selenium.remote.internal.OkHttpClient.execute(OkHttpClient.java:103)
	at io.appium.java_client.remote.AppiumCommandExecutor.lambda$1(AppiumCommandExecutor.java:162)
	at org.openqa.selenium.remote.ProtocolHandshake.createSession(ProtocolHandshake.java:105)
	at java.base/jdk.internal.reflect.NativeMethodAccessorImpl.invoke0(Native Method)
	at java.base/jdk.internal.reflect.NativeMethodAccessorImpl.invoke(NativeMethodAccessorImpl.java:77)
	at java.base/jdk.internal.reflect.DelegatingMethodAccessorImpl.invoke(DelegatingMethodAccessorImpl.java:43)
	at java.base/java.lang.reflect.Method.invoke(Method.java:568)
	at io.appium.java_client.remote.AppiumCommandExecutor$1.createSession(AppiumCommandExecutor.java:193)
	at io.appium.java_client.remote.AppiumCommandExecutor.createSession(AppiumCommandExecutor.java:225)
	at io.appium.java_client.remote.AppiumCommandExecutor.execute(AppiumCommandExecutor.java:250)
	... 31 more
2023-12-06 21:41:44 [main] INFO  base_test.BaseTest - WebDriver is initialized successfully.
2023-12-06 21:42:20 [main] INFO  base_test.BaseTest - Tests automation is ended
2023-12-06 21:43:43 [main] INFO  base_test.BaseTest - WebDriver is initialized successfully.
2023-12-06 21:44:18 [main] INFO  base_test.BaseTest - Tests automation is ended
2023-12-06 21:46:17 [main] INFO  base_test.BaseTest - WebDriver is initialized successfully.
2023-12-06 21:46:32 [main] INFO  base_test.BaseTest - Tests automation is ended
2023-12-06 21:47:00 [main] INFO  base_test.BaseTest - WebDriver is initialized successfully.
2023-12-06 21:47:17 [main] INFO  base_test.BaseTest - Tests automation is ended
2023-12-06 21:48:15 [main] INFO  base_test.BaseTest - WebDriver is initialized successfully.
2023-12-06 21:48:48 [main] INFO  base_test.BaseTest - Tests automation is ended
2023-12-06 21:49:27 [main] INFO  base_test.BaseTest - WebDriver is initialized successfully.
2023-12-06 21:49:59 [main] INFO  base_test.BaseTest - Tests automation is ended
2023-12-06 21:50:41 [main] INFO  base_test.BaseTest - WebDriver is initialized successfully.
2023-12-06 21:50:57 [main] INFO  base_test.BaseTest - Tests automation is ended
2023-12-06 21:51:23 [main] INFO  base_test.BaseTest - WebDriver is initialized successfully.
2023-12-06 21:51:39 [main] INFO  base_test.BaseTest - Tests automation is ended
2023-12-06 21:56:17 [main] INFO  base_test.BaseTest - WebDriver is initialized successfully.
2023-12-06 21:56:20 [main] INFO  base_test.BaseTest - Tests automation is ended
2023-12-06 22:08:59 [main] INFO  base_test.BaseTest - WebDriver is initialized successfully.
2023-12-06 22:08:59 [main] INFO  base_test.BaseTest - Test verifyAlfaBankLogoIsDisplayed is started
2023-12-06 22:09:01 [main] INFO  base_test.BaseTest - Test verifyAlfaBankLogoIsDisplayed is passed
2023-12-06 22:09:01 [main] INFO  base_test.BaseTest - Tests automation is ended
2023-12-06 22:49:46 [main] INFO  base_test.BaseTest - WebDriver is initialized successfully.
2023-12-06 22:49:47 [main] INFO  base_test.BaseTest - Test verifyAlfaBankLogoIsDisplayed is started
2023-12-06 22:50:25 [main] INFO  base_test.BaseTest - WebDriver is initialized successfully.
2023-12-06 22:50:26 [main] INFO  base_test.BaseTest - Test verifyAlfaBankLogoIsDisplayed is started
2023-12-06 22:50:28 [main] INFO  base_test.BaseTest - Test verifyAlfaBankLogoIsDisplayed is passed
2023-12-06 22:50:28 [main] INFO  base_test.BaseTest - Tests automation is ended
2023-12-06 22:50:29 [main] INFO  base_test.BaseTest - Test verifyLoggInFieldIsEmptyBeforeInteraction is started
2023-12-06 22:50:29 [main] ERROR base_test.BaseTest - Test verifyLoggInFieldIsEmptyBeforeInteraction is failed
2023-12-06 22:50:29 [main] INFO  base_test.BaseTest - Tests automation is ended
2023-12-06 22:51:35 [main] INFO  base_test.BaseTest - WebDriver is initialized successfully.
2023-12-06 22:51:35 [main] INFO  base_test.BaseTest - Test verifyAlfaBankLogoIsDisplayed is started
2023-12-06 22:51:38 [main] INFO  base_test.BaseTest - Test verifyAlfaBankLogoIsDisplayed is passed
2023-12-06 22:51:38 [main] INFO  base_test.BaseTest - Test verifyLoggInFieldIsEmptyBeforeInteraction is started
2023-12-06 22:51:38 [main] ERROR base_test.BaseTest - Test verifyLoggInFieldIsEmptyBeforeInteraction is failed
2023-12-06 22:51:38 [main] INFO  base_test.BaseTest - Tests automation is ended
2023-12-07 08:23:27 [main] INFO  base_test.BaseTest - WebDriver is initialized successfully.
2023-12-07 08:23:27 [main] INFO  base_test.BaseTest - Test verifyAlfaBankLogoIsDisplayed is started
2023-12-07 08:23:30 [main] INFO  base_test.BaseTest - Test verifyAlfaBankLogoIsDisplayed is passed
2023-12-07 08:23:30 [main] INFO  base_test.BaseTest - Test verifyLoggInFieldIsEmptyBeforeInteraction is started
2023-12-07 08:23:30 [main] INFO  base_test.BaseTest - Test verifyLoggInFieldIsEmptyBeforeInteraction is passed
2023-12-07 08:23:30 [main] INFO  base_test.BaseTest - Tests automation is ended
2023-12-07 08:24:32 [main] INFO  base_test.BaseTest - WebDriver is initialized successfully.
2023-12-07 08:24:32 [main] INFO  base_test.BaseTest - Test verifyAlfaBankLogoIsDisplayed is started
2023-12-07 08:27:00 [main] INFO  base_test.BaseTest - WebDriver is initialized successfully.
2023-12-07 08:27:00 [main] INFO  base_test.BaseTest - Test verifyAlfaBankLogoIsDisplayed is started
2023-12-07 09:25:48 [main] INFO  base_test.BaseTest - WebDriver is initialized successfully.
2023-12-07 09:25:48 [main] INFO  base_test.BaseTest - Test verifyAlfaBankLogoIsDisplayed is started
2023-12-07 09:25:52 [main] INFO  base_test.BaseTest - Test verifyAlfaBankLogoIsDisplayed is passed
2023-12-07 09:25:52 [main] INFO  base_test.BaseTest - Test verifyLoggInFieldIsEmptyBeforeInteraction is started
2023-12-07 09:25:53 [main] INFO  base_test.BaseTest - Test verifyLoggInFieldIsEmptyBeforeInteraction is passed
2023-12-07 09:25:53 [main] INFO  base_test.BaseTest - Test dvds is started
2023-12-07 09:25:54 [main] INFO  base_test.BaseTest - Test dvds is passed
2023-12-07 09:25:54 [main] INFO  base_test.BaseTest - Tests automation is ended
2023-12-07 09:54:10 [main] INFO  base_test.BaseTest - WebDriver is initialized successfully.
2023-12-07 09:54:10 [main] INFO  base_test.BaseTest - Test verifyAlfaBankLogoIsDisplayed is started
2023-12-07 09:54:13 [main] INFO  base_test.BaseTest - Test verifyAlfaBankLogoIsDisplayed is passed
2023-12-07 09:54:13 [main] INFO  base_test.BaseTest - Test verifyLoggInFieldIsEmptyBeforeInteraction is started
2023-12-07 09:55:51 [main] INFO  base_test.BaseTest - WebDriver is initialized successfully.
2023-12-07 09:55:52 [main] INFO  base_test.BaseTest - Test verifyAlfaBankLogoIsDisplayed is started
2023-12-07 09:55:55 [main] INFO  base_test.BaseTest - Test verifyAlfaBankLogoIsDisplayed is passed
2023-12-07 09:55:55 [main] INFO  base_test.BaseTest - Test verifyLoggInFieldIsEmptyBeforeInteraction is started
2023-12-07 10:00:48 [main] INFO  base_test.BaseTest - WebDriver is initialized successfully.
2023-12-07 10:00:49 [main] INFO  base_test.BaseTest - Test verifyAlfaBankLogoIsDisplayed is started
2023-12-07 10:00:52 [main] INFO  base_test.BaseTest - Test verifyAlfaBankLogoIsDisplayed is passed
2023-12-07 10:00:52 [main] INFO  base_test.BaseTest - Test verifyLoggInFieldIsEmptyBeforeInteraction is started
2023-12-07 10:03:48 [main] INFO  base_test.BaseTest - WebDriver is initialized successfully.
2023-12-07 10:03:48 [main] INFO  base_test.BaseTest - Test verifyAlfaBankLogoIsDisplayed is started
2023-12-07 10:03:51 [main] INFO  base_test.BaseTest - Test verifyAlfaBankLogoIsDisplayed is passed
2023-12-07 10:03:51 [main] INFO  base_test.BaseTest - Test verifyLoggInFieldIsEmptyBeforeInteraction is started
2023-12-07 10:27:29 [main] INFO  base_test.BaseTest - WebDriver is initialized successfully.
2023-12-07 10:27:30 [main] INFO  base_test.BaseTest - Test verifyAlfaBankLogoIsDisplayed is started
2023-12-07 10:27:33 [main] INFO  base_test.BaseTest - Test verifyAlfaBankLogoIsDisplayed is passed
2023-12-07 10:27:33 [main] INFO  base_test.BaseTest - Test verifyLoggInFieldIsEmptyBeforeInteraction is started
2023-12-07 10:27:34 [main] INFO  base_test.BaseTest - Test verifyLoggInFieldIsEmptyBeforeInteraction is passed
2023-12-07 10:27:34 [main] INFO  base_test.BaseTest - Test verifyAllowedCharactersSetInUserNameField is started
2023-12-07 10:27:34 [main] ERROR base_test.BaseTest - Test verifyAllowedCharactersSetInUserNameField is failed
2023-12-07 10:27:34 [main] INFO  base_test.BaseTest - Tests automation is ended
2023-12-07 10:28:43 [main] INFO  base_test.BaseTest - WebDriver is initialized successfully.
2023-12-07 10:28:44 [main] INFO  base_test.BaseTest - Test verifyAlfaBankLogoIsDisplayed is started
2023-12-07 10:28:47 [main] INFO  base_test.BaseTest - Test verifyAlfaBankLogoIsDisplayed is passed
2023-12-07 10:28:47 [main] INFO  base_test.BaseTest - Test verifyLoggInFieldIsEmptyBeforeInteraction is started
2023-12-07 10:28:47 [main] INFO  base_test.BaseTest - Test verifyLoggInFieldIsEmptyBeforeInteraction is passed
2023-12-07 10:28:47 [main] INFO  base_test.BaseTest - Test verifyAllowedCharactersSetInUserNameField is started
2023-12-07 10:28:51 [main] INFO  base_test.BaseTest - Test verifyAllowedCharactersSetInUserNameField is passed
2023-12-07 10:28:51 [main] INFO  base_test.BaseTest - Tests automation is ended
2023-12-07 10:29:54 [main] INFO  base_test.BaseTest - WebDriver is initialized successfully.
2023-12-07 10:29:54 [main] INFO  base_test.BaseTest - Test verifyAlfaBankLogoIsDisplayed is started
2023-12-07 10:29:57 [main] INFO  base_test.BaseTest - Test verifyAlfaBankLogoIsDisplayed is passed
2023-12-07 10:29:57 [main] INFO  base_test.BaseTest - Test verifyLoggInFieldIsEmptyBeforeInteraction is started
2023-12-07 10:29:58 [main] INFO  base_test.BaseTest - Test verifyLoggInFieldIsEmptyBeforeInteraction is passed
2023-12-07 10:29:58 [main] INFO  base_test.BaseTest - Test verifyAllowedCharactersSetInUserNameField is started
2023-12-07 10:29:58 [main] ERROR base_test.BaseTest - Test verifyAllowedCharactersSetInUserNameField is failed
2023-12-07 10:29:58 [main] INFO  base_test.BaseTest - Tests automation is ended
2023-12-07 10:31:11 [main] INFO  base_test.BaseTest - WebDriver is initialized successfully.
2023-12-07 10:31:11 [main] INFO  base_test.BaseTest - Test verifyAlfaBankLogoIsDisplayed is started
2023-12-07 10:31:15 [main] INFO  base_test.BaseTest - Test verifyAlfaBankLogoIsDisplayed is passed
2023-12-07 10:31:15 [main] INFO  base_test.BaseTest - Test verifyLoggInFieldIsEmptyBeforeInteraction is started
2023-12-07 10:31:15 [main] INFO  base_test.BaseTest - Test verifyLoggInFieldIsEmptyBeforeInteraction is passed
2023-12-07 10:31:15 [main] INFO  base_test.BaseTest - Test verifyAllowedCharactersSetInUserNameField is started
2023-12-07 10:31:18 [main] INFO  base_test.BaseTest - Test verifyAllowedCharactersSetInUserNameField is passed
2023-12-07 10:31:18 [main] INFO  base_test.BaseTest - Tests automation is ended
2023-12-07 10:32:22 [main] INFO  base_test.BaseTest - WebDriver is initialized successfully.
2023-12-07 10:32:22 [main] INFO  base_test.BaseTest - Test verifyAlfaBankLogoIsDisplayed is started
2023-12-07 10:32:26 [main] INFO  base_test.BaseTest - Test verifyAlfaBankLogoIsDisplayed is passed
2023-12-07 10:32:26 [main] INFO  base_test.BaseTest - Test verifyLoggInFieldIsEmptyBeforeInteraction is started
2023-12-07 10:32:26 [main] INFO  base_test.BaseTest - Test verifyLoggInFieldIsEmptyBeforeInteraction is passed
2023-12-07 10:32:26 [main] INFO  base_test.BaseTest - Test verifyAllowedCharactersSetInUserNameField is started
2023-12-07 11:32:54 [main] INFO  base_test.BaseTest - WebDriver is initialized successfully.
2023-12-07 11:32:55 [main] INFO  base_test.BaseTest - Test verifyAlfaBankLogoIsDisplayed is started
2023-12-07 11:32:58 [main] INFO  base_test.BaseTest - Test verifyAlfaBankLogoIsDisplayed is passed
2023-12-07 11:32:58 [main] INFO  base_test.BaseTest - Test verifyLoggInFieldIsEmptyBeforeInteraction is started
2023-12-07 11:32:59 [main] INFO  base_test.BaseTest - Test verifyLoggInFieldIsEmptyBeforeInteraction is passed
2023-12-07 11:32:59 [main] INFO  base_test.BaseTest - Test verifyAllowedCharactersSetInUserNameField is started
2023-12-07 11:33:02 [main] INFO  base_test.BaseTest - Test verifyAllowedCharactersSetInUserNameField is passed
2023-12-07 11:33:02 [main] INFO  base_test.BaseTest - Test verifyNotAllowedCharactersIsNotSetInUserNameField is started
2023-12-07 11:37:59 [main] INFO  base_test.BaseTest - WebDriver is initialized successfully.
2023-12-07 11:37:59 [main] INFO  base_test.BaseTest - Test verifyAlfaBankLogoIsDisplayed is started
2023-12-07 11:38:03 [main] INFO  base_test.BaseTest - Test verifyAlfaBankLogoIsDisplayed is passed
2023-12-07 11:38:03 [main] INFO  base_test.BaseTest - Test verifyLoggInFieldIsEmptyBeforeInteraction is started
2023-12-07 11:38:03 [main] INFO  base_test.BaseTest - Test verifyLoggInFieldIsEmptyBeforeInteraction is passed
2023-12-07 11:38:03 [main] INFO  base_test.BaseTest - Test verifyAllowedCharactersSetInUserNameField is started
2023-12-07 11:38:06 [main] INFO  base_test.BaseTest - Test verifyAllowedCharactersSetInUserNameField is passed
2023-12-07 11:38:06 [main] INFO  base_test.BaseTest - Test verifyNotAllowedCharactersIsNotSetInUserNameField is started
2023-12-07 11:38:13 [main] ERROR base_test.BaseTest - Test verifyNotAllowedCharactersIsNotSetInUserNameField is failed
2023-12-07 11:38:13 [main] INFO  base_test.BaseTest - Tests automation is ended
2023-12-07 12:55:45 [main] INFO  base_test.BaseTest - WebDriver is initialized successfully.
2023-12-07 12:55:45 [main] INFO  base_test.BaseTest - Test verifyAlfaBankLogoIsDisplayed is started
2023-12-07 12:55:45 [main] ERROR base_test.BaseTest - Test verifyAlfaBankLogoIsDisplayed is failed
2023-12-07 12:55:45 [main] INFO  base_test.BaseTest - Test verifyLoggInFieldIsEmptyBeforeInteraction is started
2023-12-07 12:55:46 [main] ERROR base_test.BaseTest - Test verifyLoggInFieldIsEmptyBeforeInteraction is failed
2023-12-07 12:55:46 [main] INFO  base_test.BaseTest - Test verifyAllowedCharactersSetInUserNameField is started
2023-12-07 12:55:46 [main] ERROR base_test.BaseTest - Test verifyAllowedCharactersSetInUserNameField is failed
2023-12-07 12:55:46 [main] INFO  base_test.BaseTest - Test verifyNotAllowedCharactersIsNotSetInUserNameField is started
2023-12-07 12:55:46 [main] ERROR base_test.BaseTest - Test verifyNotAllowedCharactersIsNotSetInUserNameField is failed
2023-12-07 12:55:46 [main] INFO  base_test.BaseTest - Test verifyNotAllowedCharactersIsNotSetInUserNameField is started
2023-12-07 12:55:46 [main] ERROR base_test.BaseTest - Test verifyNotAllowedCharactersIsNotSetInUserNameField is failed
2023-12-07 12:55:46 [main] INFO  base_test.BaseTest - Tests automation is ended
2023-12-07 12:57:08 [main] INFO  base_test.BaseTest - WebDriver is initialized successfully.
2023-12-07 12:57:09 [main] INFO  base_test.BaseTest - Test verifyAlfaBankLogoIsDisplayed is started
2023-12-07 12:57:09 [main] ERROR base_test.BaseTest - Test verifyAlfaBankLogoIsDisplayed is failed
2023-12-07 12:57:09 [main] INFO  base_test.BaseTest - Test verifyLoggInFieldIsEmptyBeforeInteraction is started
2023-12-07 12:57:09 [main] ERROR base_test.BaseTest - Test verifyLoggInFieldIsEmptyBeforeInteraction is failed
2023-12-07 12:57:09 [main] INFO  base_test.BaseTest - Test verifyAllowedCharactersSetInUserNameField is started
2023-12-07 12:57:09 [main] ERROR base_test.BaseTest - Test verifyAllowedCharactersSetInUserNameField is failed
2023-12-07 12:57:09 [main] INFO  base_test.BaseTest - Test verifyNotAllowedCharactersIsNotSetInUserNameField is started
2023-12-07 12:57:09 [main] ERROR base_test.BaseTest - Test verifyNotAllowedCharactersIsNotSetInUserNameField is failed
2023-12-07 12:57:09 [main] INFO  base_test.BaseTest - Test verifyNotAllowedCharactersIsNotSetInUserNameField is started
2023-12-07 12:57:10 [main] ERROR base_test.BaseTest - Test verifyNotAllowedCharactersIsNotSetInUserNameField is failed
2023-12-07 12:57:10 [main] INFO  base_test.BaseTest - Tests automation is ended
2023-12-07 13:12:22 [main] INFO  base_test.BaseTest - WebDriver is initialized successfully.
2023-12-07 13:12:23 [main] INFO  base_test.BaseTest - Test verifyAlfaBankLogoIsDisplayed is started
2023-12-07 13:12:27 [main] INFO  base_test.BaseTest - Test verifyAlfaBankLogoIsDisplayed is passed
2023-12-07 13:12:27 [main] INFO  base_test.BaseTest - Test verifyLoggInFieldIsEmptyBeforeInteraction is started
2023-12-07 13:12:27 [main] INFO  base_test.BaseTest - Test verifyLoggInFieldIsEmptyBeforeInteraction is passed
2023-12-07 13:12:27 [main] INFO  base_test.BaseTest - Test verifyAllowedCharactersSetInUserNameField is started
2023-12-07 13:12:29 [main] INFO  base_test.BaseTest - Test verifyAllowedCharactersSetInUserNameField is passed
2023-12-07 13:12:29 [main] INFO  base_test.BaseTest - Test verifyNotAllowedCharactersIsNotSetInUserNameField is started
2023-12-07 13:12:32 [main] ERROR base_test.BaseTest - Test verifyNotAllowedCharactersIsNotSetInUserNameField is failed
2023-12-07 13:12:32 [main] INFO  base_test.BaseTest - Test verifyNotAllowedCharactersIsNotSetInUserNameField is started
2023-12-07 13:12:36 [main] ERROR base_test.BaseTest - Test verifyNotAllowedCharactersIsNotSetInUserNameField is failed
2023-12-07 13:12:36 [main] INFO  base_test.BaseTest - Tests automation is ended
2023-12-07 13:26:57 [main] INFO  base_test.BaseTest - WebDriver is initialized successfully.
2023-12-07 13:26:58 [main] INFO  base_test.BaseTest - Test verifyAlfaBankLogoIsDisplayed is started
2023-12-07 13:27:05 [main] INFO  base_test.BaseTest - Test verifyAlfaBankLogoIsDisplayed is passed
2023-12-07 13:27:05 [main] INFO  base_test.BaseTest - Test verifyLoggInFieldIsEmptyBeforeInteraction is started
2023-12-07 13:27:05 [main] INFO  base_test.BaseTest - Test verifyLoggInFieldIsEmptyBeforeInteraction is passed
2023-12-07 13:27:05 [main] INFO  base_test.BaseTest - Test verifyAllowedCharactersSetInUserNameField is started
2023-12-07 13:27:08 [main] INFO  base_test.BaseTest - Test verifyAllowedCharactersSetInUserNameField is passed
2023-12-07 13:27:08 [main] INFO  base_test.BaseTest - Test verifyNotAllowedCharactersIsNotSetInUserNameField is started
2023-12-07 13:27:12 [main] ERROR base_test.BaseTest - Test verifyNotAllowedCharactersIsNotSetInUserNameField is failed
2023-12-07 13:27:12 [main] INFO  base_test.BaseTest - Test verifyNotAllowedCharactersIsNotSetInUserNameField is started
2023-12-07 13:27:17 [main] ERROR base_test.BaseTest - Test verifyNotAllowedCharactersIsNotSetInUserNameField is failed
2023-12-07 13:27:17 [main] INFO  base_test.BaseTest - Tests automation is ended
2023-12-07 14:22:14 [main] INFO  base_test.BaseTest - WebDriver is initialized successfully.
2023-12-07 14:22:15 [main] INFO  base_test.BaseTest - Test verifyAlfaBankLogoIsDisplayed is started
2023-12-07 14:24:07 [main] INFO  base_test.BaseTest - Test verifyAlfaBankLogoIsDisplayed is passed
2023-12-07 14:24:07 [main] INFO  base_test.BaseTest - Test verifyLoggInFieldIsEmptyBeforeInteraction is started
2023-12-07 14:24:31 [main] INFO  base_test.BaseTest - WebDriver is initialized successfully.
2023-12-07 14:24:32 [main] INFO  base_test.BaseTest - Test verifyAlfaBankLogoIsDisplayed is started
2023-12-07 14:59:45 [main] INFO  base_test.BaseTest - Test verifyAlfaBankLogoIsDisplayed is passed
2023-12-07 14:59:45 [main] INFO  base_test.BaseTest - Test verifyLoggInFieldIsEmptyBeforeInteraction is started
2023-12-07 15:00:12 [main] INFO  base_test.BaseTest - WebDriver is initialized successfully.
2023-12-07 15:00:13 [main] INFO  base_test.BaseTest - Test verifyAlfaBankLogoIsDisplayed is started
2023-12-07 15:01:26 [main] INFO  base_test.BaseTest - Test verifyAlfaBankLogoIsDisplayed is passed
2023-12-07 15:01:26 [main] INFO  base_test.BaseTest - Test verifyLoggInFieldIsEmptyBeforeInteraction is started
2023-12-07 15:02:34 [main] INFO  base_test.BaseTest - WebDriver is initialized successfully.
2023-12-07 15:02:35 [main] INFO  base_test.BaseTest - Test verifyAlfaBankLogoIsDisplayed is started
2023-12-07 15:18:22 [main] INFO  base_test.BaseTest - WebDriver is initialized successfully.
2023-12-07 15:18:22 [main] INFO  base_test.BaseTest - Test verifyPasswordVisibilityAfterClickingOn is started
2023-12-07 15:18:28 [main] INFO  base_test.BaseTest - Test verifyPasswordVisibilityAfterClickingOn is passed
2023-12-07 15:18:28 [main] INFO  base_test.BaseTest - Tests automation is ended
2023-12-07 15:20:38 [main] INFO  base_test.BaseTest - WebDriver is initialized successfully.
2023-12-07 15:20:38 [main] INFO  base_test.BaseTest - Test verifyPasswordVisibilityAfterClickingOn is started
2023-12-07 15:48:45 [main] INFO  base_test.BaseTest - WebDriver is initialized successfully.
2023-12-07 15:48:46 [main] INFO  base_test.BaseTest - Test verifyPasswordReplacedByAsterisksAfterClickingOnShowPasswordButton is started
2023-12-07 15:48:53 [main] INFO  base_test.BaseTest - Test verifyPasswordReplacedByAsterisksAfterClickingOnShowPasswordButton is passed
2023-12-07 15:48:53 [main] INFO  base_test.BaseTest - Tests automation is ended
2023-12-07 15:55:46 [main] INFO  base_test.BaseTest - WebDriver is initialized successfully.
2023-12-07 15:55:46 [main] INFO  base_test.BaseTest - Test verifyPasswordReplacedByAsterisksAfterClickingOnShowPasswordButton is started
2023-12-07 15:55:52 [main] INFO  base_test.BaseTest - Test verifyPasswordReplacedByAsterisksAfterClickingOnShowPasswordButton is passed
2023-12-07 15:55:52 [main] INFO  base_test.BaseTest - Test verifyPasswordReplacedByAsterisksAfterClickingOnShowPasswordButton is started
2023-12-07 15:55:56 [main] INFO  base_test.BaseTest - Test verifyPasswordReplacedByAsterisksAfterClickingOnShowPasswordButton is passed
2023-12-07 15:55:56 [main] INFO  base_test.BaseTest - Tests automation is ended
2023-12-07 16:30:55 [main] INFO  base_test.BaseTest - WebDriver is initialized successfully.
2023-12-07 16:30:56 [main] INFO  base_test.BaseTest - Test verifyPasswordFieldIsTruncatedWhenCharactersAmountIsExceeded is started
2023-12-07 16:30:56 [main] ERROR base_test.BaseTest - Test verifyPasswordFieldIsTruncatedWhenCharactersAmountIsExceeded is failed
2023-12-07 16:30:56 [main] INFO  base_test.BaseTest - Test verifyPasswordIsReplacedByAsterisksOrChangedBackAfterClickingOnShowPasswordButton is started
2023-12-07 16:30:56 [main] ERROR base_test.BaseTest - Test verifyPasswordIsReplacedByAsterisksOrChangedBackAfterClickingOnShowPasswordButton is failed
2023-12-07 16:30:56 [main] INFO  base_test.BaseTest - Test verifyPasswordIsReplacedByAsterisksOrChangedBackAfterClickingOnShowPasswordButton is started
2023-12-07 16:30:56 [main] ERROR base_test.BaseTest - Test verifyPasswordIsReplacedByAsterisksOrChangedBackAfterClickingOnShowPasswordButton is failed
2023-12-07 16:30:56 [main] INFO  base_test.BaseTest - Tests automation is ended
2023-12-07 16:32:29 [main] INFO  base_test.BaseTest - WebDriver is initialized successfully.
2023-12-07 16:32:29 [main] INFO  base_test.BaseTest - Test verifyPasswordFieldIsTruncatedWhenCharactersAmountIsExceeded is started
2023-12-07 16:32:30 [main] ERROR base_test.BaseTest - Test verifyPasswordFieldIsTruncatedWhenCharactersAmountIsExceeded is failed
2023-12-07 16:32:30 [main] INFO  base_test.BaseTest - Test verifyPasswordIsReplacedByAsterisksOrChangedBackAfterClickingOnShowPasswordButton is started
2023-12-07 16:32:30 [main] ERROR base_test.BaseTest - Test verifyPasswordIsReplacedByAsterisksOrChangedBackAfterClickingOnShowPasswordButton is failed
2023-12-07 16:32:30 [main] INFO  base_test.BaseTest - Test verifyPasswordIsReplacedByAsterisksOrChangedBackAfterClickingOnShowPasswordButton is started
2023-12-07 16:32:30 [main] ERROR base_test.BaseTest - Test verifyPasswordIsReplacedByAsterisksOrChangedBackAfterClickingOnShowPasswordButton is failed
2023-12-07 16:32:30 [main] INFO  base_test.BaseTest - Tests automation is ended
2023-12-07 16:46:38 [main] INFO  base_test.BaseTest - WebDriver is initialized successfully.
2023-12-07 16:46:38 [main] INFO  base_test.BaseTest - Test verifyPasswordFieldIsTruncatedWhenCharactersAmountIsExceeded is started
2023-12-07 16:46:50 [main] ERROR base_test.BaseTest - Test verifyPasswordFieldIsTruncatedWhenCharactersAmountIsExceeded is failed
2023-12-07 16:46:50 [main] INFO  base_test.BaseTest - Test verifyPasswordIsReplacedByAsterisksOrChangedBackAfterClickingOnShowPasswordButton is started
2023-12-07 16:46:57 [main] ERROR base_test.BaseTest - Test verifyPasswordIsReplacedByAsterisksOrChangedBackAfterClickingOnShowPasswordButton is failed
2023-12-07 16:46:57 [main] INFO  base_test.BaseTest - Test verifyPasswordIsReplacedByAsterisksOrChangedBackAfterClickingOnShowPasswordButton is started
2023-12-07 16:47:04 [main] ERROR base_test.BaseTest - Test verifyPasswordIsReplacedByAsterisksOrChangedBackAfterClickingOnShowPasswordButton is failed
2023-12-07 16:47:04 [main] INFO  base_test.BaseTest - Tests automation is ended
2023-12-07 16:48:27 [main] INFO  base_test.BaseTest - WebDriver is initialized successfully.
2023-12-07 16:48:27 [main] INFO  base_test.BaseTest - Test verifyPasswordIsReplacedByAsterisksOrChangedBackAfterClickingOnShowPasswordButton is started
2023-12-07 16:48:34 [main] INFO  base_test.BaseTest - Test verifyPasswordIsReplacedByAsterisksOrChangedBackAfterClickingOnShowPasswordButton is passed
2023-12-07 16:48:34 [main] INFO  base_test.BaseTest - Test verifyPasswordIsReplacedByAsterisksOrChangedBackAfterClickingOnShowPasswordButton is started
2023-12-07 16:48:40 [main] INFO  base_test.BaseTest - Test verifyPasswordIsReplacedByAsterisksOrChangedBackAfterClickingOnShowPasswordButton is passed
2023-12-07 16:48:40 [main] INFO  base_test.BaseTest - Tests automation is ended
2023-12-07 16:49:07 [main] INFO  base_test.BaseTest - WebDriver is initialized successfully.
2023-12-07 16:49:07 [main] INFO  base_test.BaseTest - Test verifyPasswordIsReplacedByAsterisksOrChangedBackAfterClickingOnShowPasswordButton is started
2023-12-07 16:49:12 [main] INFO  base_test.BaseTest - Test verifyPasswordIsReplacedByAsterisksOrChangedBackAfterClickingOnShowPasswordButton is passed
2023-12-07 16:49:12 [main] INFO  base_test.BaseTest - Test verifyPasswordIsReplacedByAsterisksOrChangedBackAfterClickingOnShowPasswordButton is started
2023-12-07 16:49:16 [main] INFO  base_test.BaseTest - Test verifyPasswordIsReplacedByAsterisksOrChangedBackAfterClickingOnShowPasswordButton is passed
2023-12-07 16:49:16 [main] INFO  base_test.BaseTest - Test verifyPasswordFieldIsTruncatedWhenCharactersAmountIsExceeded is started
2023-12-07 16:49:19 [main] ERROR base_test.BaseTest - Test verifyPasswordFieldIsTruncatedWhenCharactersAmountIsExceeded is failed
2023-12-07 16:49:19 [main] INFO  base_test.BaseTest - Tests automation is ended
2023-12-07 18:26:24 [main] INFO  base_test.BaseTest - WebDriver is initialized successfully.
2023-12-07 18:26:24 [main] INFO  base_test.BaseTest - Test verifyAlfaBankLogoIsDisplayed is started
2023-12-07 18:26:30 [main] INFO  base_test.BaseTest - Test verifyAlfaBankLogoIsDisplayed is passed
2023-12-07 18:26:30 [main] INFO  base_test.BaseTest - Tests automation is ended
2023-12-07 18:27:05 [main] INFO  base_test.BaseTest - WebDriver is initialized successfully.
2023-12-07 18:27:05 [main] INFO  base_test.BaseTest - Test verifyAlfaBankLogoIsDisplayed is started
2023-12-07 18:27:11 [main] INFO  base_test.BaseTest - Test verifyAlfaBankLogoIsDisplayed is passed
2023-12-07 18:27:11 [main] INFO  base_test.BaseTest - Tests automation is ended
2023-12-07 18:35:08 [main] INFO  base_test.BaseTest - WebDriver is initialized successfully.
2023-12-07 18:35:08 [main] INFO  base_test.BaseTest - Test verifyUserCannotLoginWithIncorrectCredentials is started
2023-12-07 18:35:16 [main] ERROR base_test.BaseTest - Test verifyUserCannotLoginWithIncorrectCredentials is failed
2023-12-07 18:35:16 [main] INFO  base_test.BaseTest - Tests automation is ended
2023-12-07 18:36:36 [main] INFO  base_test.BaseTest - WebDriver is initialized successfully.
2023-12-07 18:36:36 [main] INFO  base_test.BaseTest - Test verifyUserCannotLoginWithIncorrectCredentials is started
2023-12-07 18:36:44 [main] ERROR base_test.BaseTest - Test verifyUserCannotLoginWithIncorrectCredentials is failed
2023-12-07 18:36:44 [main] INFO  base_test.BaseTest - Tests automation is ended
2023-12-07 18:38:35 [main] INFO  base_test.BaseTest - WebDriver is initialized successfully.
2023-12-07 18:38:35 [main] INFO  base_test.BaseTest - Test verifyUserCannotLoginWithIncorrectCredentials is started
2023-12-07 18:38:43 [main] ERROR base_test.BaseTest - Test verifyUserCannotLoginWithIncorrectCredentials is failed
2023-12-07 18:38:43 [main] INFO  base_test.BaseTest - Tests automation is ended
2023-12-07 18:42:49 [main] INFO  base_test.BaseTest - WebDriver is initialized successfully.
2023-12-07 18:42:49 [main] INFO  base_test.BaseTest - Test verifyUserCannotLoginWithIncorrectCredentials is started
2023-12-07 18:43:00 [main] INFO  base_test.BaseTest - Test verifyUserCannotLoginWithIncorrectCredentials is passed
2023-12-07 18:43:00 [main] INFO  base_test.BaseTest - Tests automation is ended
2023-12-07 18:43:25 [main] INFO  base_test.BaseTest - WebDriver is initialized successfully.
2023-12-07 18:43:25 [main] INFO  base_test.BaseTest - Test verifyUserCannotLoginWithIncorrectCredentials is started
2023-12-07 18:43:33 [main] ERROR base_test.BaseTest - Test verifyUserCannotLoginWithIncorrectCredentials is failed
2023-12-07 18:43:33 [main] INFO  base_test.BaseTest - Tests automation is ended
2023-12-07 18:44:19 [main] INFO  base_test.BaseTest - WebDriver is initialized successfully.
2023-12-07 18:44:20 [main] INFO  base_test.BaseTest - Test verifyUserCannotLoginWithIncorrectCredentials is started
2023-12-07 18:44:27 [main] ERROR base_test.BaseTest - Test verifyUserCannotLoginWithIncorrectCredentials is failed
2023-12-07 18:44:27 [main] INFO  base_test.BaseTest - Tests automation is ended
2023-12-07 20:27:01 [main] INFO  base_test.BaseTest - WebDriver is initialized successfully.
2023-12-07 20:27:01 [main] INFO  base_test.BaseTest - Test verifyUserCannotLoginWithIncorrectCredentials is started
2023-12-07 20:27:11 [main] INFO  base_test.BaseTest - Test verifyUserCannotLoginWithIncorrectCredentials is passed
2023-12-07 20:27:11 [main] INFO  base_test.BaseTest - Tests automation is ended
2023-12-07 20:28:05 [main] INFO  base_test.BaseTest - WebDriver is initialized successfully.
2023-12-07 20:28:05 [main] INFO  base_test.BaseTest - Test verifyUserCannotLoginWithIncorrectCredentials is started
2023-12-07 20:28:14 [main] INFO  base_test.BaseTest - Test verifyUserCannotLoginWithIncorrectCredentials is passed
2023-12-07 20:28:14 [main] INFO  base_test.BaseTest - Tests automation is ended
2023-12-07 20:32:58 [main] INFO  base_test.BaseTest - WebDriver is initialized successfully.
2023-12-07 20:32:58 [main] INFO  base_test.BaseTest - Test verifyUserCannotLoginWithIncorrectCredentials is started
2023-12-07 20:33:02 [main] ERROR base_test.BaseTest - Test verifyUserCannotLoginWithIncorrectCredentials is failed
2023-12-07 20:33:02 [main] INFO  base_test.BaseTest - Test verifyUserCanLoginWithCorrectCredentials is started
2023-12-07 20:33:05 [main] ERROR base_test.BaseTest - Test verifyUserCanLoginWithCorrectCredentials is failed
2023-12-07 20:33:05 [main] INFO  base_test.BaseTest - Tests automation is ended
2023-12-07 20:34:07 [main] INFO  base_test.BaseTest - WebDriver is initialized successfully.
2023-12-07 20:34:08 [main] INFO  base_test.BaseTest - Test verifyUserCannotLoginWithIncorrectCredentials is started
2023-12-07 20:35:16 [main] INFO  base_test.BaseTest - WebDriver is initialized successfully.
2023-12-07 20:35:17 [main] INFO  base_test.BaseTest - Test verifyUserCannotLoginWithIncorrectCredentials is started
2023-12-07 20:35:26 [main] INFO  base_test.BaseTest - Test verifyUserCannotLoginWithIncorrectCredentials is passed
2023-12-07 20:35:26 [main] INFO  base_test.BaseTest - Test verifyUserCanLoginWithCorrectCredentials is started
2023-12-07 20:36:27 [main] INFO  base_test.BaseTest - WebDriver is initialized successfully.
2023-12-07 20:36:27 [main] INFO  base_test.BaseTest - Test verifyUserCannotLoginWithIncorrectCredentials is started
2023-12-07 20:36:36 [main] INFO  base_test.BaseTest - Test verifyUserCannotLoginWithIncorrectCredentials is passed
2023-12-07 20:36:36 [main] INFO  base_test.BaseTest - Test verifyUserCanLoginWithCorrectCredentials is started
2023-12-07 20:54:09 [main] INFO  base_test.BaseTest - WebDriver is initialized successfully.
2023-12-07 20:54:09 [main] INFO  base_test.BaseTest - Test verifyUserCannotLoginWithIncorrectCredentials is started
2023-12-07 20:54:19 [main] INFO  base_test.BaseTest - Test verifyUserCannotLoginWithIncorrectCredentials is passed
2023-12-07 20:54:19 [main] INFO  base_test.BaseTest - Test verifyUserCanLoginWithCorrectCredentials is started
2023-12-07 20:54:27 [main] ERROR base_test.BaseTest - Test verifyUserCanLoginWithCorrectCredentials is failed
2023-12-07 20:54:27 [main] INFO  base_test.BaseTest - Tests automation is ended
2023-12-07 21:13:50 [main] INFO  base_test.BaseTest - WebDriver is initialized successfully.
2023-12-07 21:13:50 [main] INFO  base_test.BaseTest - Test 'verifyUserCannotLoginWithIncorrectCredentials' is started
2023-12-07 21:14:00 [main] INFO  base_test.BaseTest - Test verifyUserCannotLoginWithIncorrectCredentials is passed
2023-12-07 21:14:00 [main] INFO  base_test.BaseTest - Test 'verifyUserCanLoginWithCorrectCredentials' is started
2023-12-07 21:14:08 [main] INFO  base_test.BaseTest - Test verifyUserCanLoginWithCorrectCredentials is passed
2023-12-07 21:14:08 [main] INFO  base_test.BaseTest - Tests automation is ended
2023-12-07 21:23:43 [main] INFO  base_test.BaseTest - WebDriver is initialized successfully.
2023-12-07 21:23:43 [main] INFO  base_test.BaseTest - Test 'verifyUserCannotLoginWithIncorrectCredentials' is started
2023-12-07 21:23:52 [main] INFO  base_test.BaseTest - Test verifyUserCannotLoginWithIncorrectCredentials is passed
2023-12-07 21:23:52 [main] INFO  base_test.BaseTest - Test 'verifyUserCanLoginWithCorrectCredentials' is started
2023-12-07 21:24:00 [main] INFO  base_test.BaseTest - Test verifyUserCanLoginWithCorrectCredentials is passed
2023-12-07 21:24:00 [main] INFO  base_test.BaseTest - Tests automation is ended
